execve("./pipeline", ["./pipeline"], 0x7ffcdd641860 /* 92 vars */) = 0
brk(NULL)                               = 0x556521f73000
access("/etc/ld.so.preload", R_OK)      = -1 ENOENT (No such file or directory)
openat(AT_FDCWD, "/etc/ld.so.cache", O_RDONLY|O_CLOEXEC) = 3
fstat(3, {st_mode=S_IFREG|0644, st_size=132943, ...}) = 0
mmap(NULL, 132943, PROT_READ, MAP_PRIVATE, 3, 0) = 0x7feb7f636000
close(3)                                = 0
openat(AT_FDCWD, "/usr/lib/libc.so.6", O_RDONLY|O_CLOEXEC) = 3
read(3, "\177ELF\2\1\1\3\0\0\0\0\0\0\0\0\3\0>\0\1\0\0\0\360w\2\0\0\0\0\0"..., 832) = 832
pread64(3, "\6\0\0\0\4\0\0\0@\0\0\0\0\0\0\0@\0\0\0\0\0\0\0@\0\0\0\0\0\0\0"..., 840, 64) = 840
fstat(3, {st_mode=S_IFREG|0755, st_size=2010392, ...}) = 0
mmap(NULL, 8192, PROT_READ|PROT_WRITE, MAP_PRIVATE|MAP_ANONYMOUS, -1, 0) = 0x7feb7f634000
pread64(3, "\6\0\0\0\4\0\0\0@\0\0\0\0\0\0\0@\0\0\0\0\0\0\0@\0\0\0\0\0\0\0"..., 840, 64) = 840
mmap(NULL, 2034736, PROT_READ, MAP_PRIVATE|MAP_DENYWRITE, 3, 0) = 0x7feb7f443000
mmap(0x7feb7f467000, 1511424, PROT_READ|PROT_EXEC, MAP_PRIVATE|MAP_FIXED|MAP_DENYWRITE, 3, 0x24000) = 0x7feb7f467000
mmap(0x7feb7f5d8000, 319488, PROT_READ, MAP_PRIVATE|MAP_FIXED|MAP_DENYWRITE, 3, 0x195000) = 0x7feb7f5d8000
mmap(0x7feb7f626000, 24576, PROT_READ|PROT_WRITE, MAP_PRIVATE|MAP_FIXED|MAP_DENYWRITE, 3, 0x1e2000) = 0x7feb7f626000
mmap(0x7feb7f62c000, 31792, PROT_READ|PROT_WRITE, MAP_PRIVATE|MAP_FIXED|MAP_ANONYMOUS, -1, 0) = 0x7feb7f62c000
close(3)                                = 0
mmap(NULL, 12288, PROT_READ|PROT_WRITE, MAP_PRIVATE|MAP_ANONYMOUS, -1, 0) = 0x7feb7f440000
arch_prctl(ARCH_SET_FS, 0x7feb7f440740) = 0
set_tid_address(0x7feb7f440a10)         = 7524
set_robust_list(0x7feb7f440a20, 24)     = 0
rseq(0x7feb7f440680, 0x20, 0, 0x53053053) = 0
mprotect(0x7feb7f626000, 16384, PROT_READ) = 0
mprotect(0x5564e349d000, 4096, PROT_READ) = 0
mprotect(0x7feb7f695000, 8192, PROT_READ) = 0
prlimit64(0, RLIMIT_STACK, NULL, {rlim_cur=16384*1024, rlim_max=RLIM64_INFINITY}) = 0
getrandom("\xb6\xf5\x7c\x05\xa8\x2b\xb7\xb8", 8, GRND_NONBLOCK) = 8
munmap(0x7feb7f636000, 132943)          = 0
pipe2([3, 9], 0)                        = 0
rt_sigprocmask(SIG_BLOCK, ~[], [], 8)   = 0
clone(child_stack=NULL, flags=CLONE_CHILD_CLEARTID|CLONE_CHILD_SETTID|SIGCHLD, child_tidptr=0x7feb7f440a10) = 7525
rt_sigprocmask(SIG_SETMASK, [], NULL, 8) = 0
rt_sigprocmask(SIG_BLOCK, ~[], [], 8)   = 0
clone(child_stack=NULL, flags=CLONE_CHILD_CLEARTID|CLONE_CHILD_SETTID|SIGCHLD, child_tidptr=0x7feb7f440a10) = 7526
rt_sigprocmask(SIG_SETMASK, [], NULL, 8) = 0
close(3)                                = 0
close(9)                                = 0
wait4(-1, NULL, 0, NULL)                = 7525
--- SIGCHLD {si_signo=SIGCHLD, si_code=CLD_EXITED, si_pid=7525, si_uid=1000, si_status=0, si_utime=2 /* 0.02 s */, si_stime=3 /* 0.03 s */} ---
wait4(-1, NULL, 0, NULL)                = 7526
brk(NULL)                               = 0x556521f73000
brk(0x556521f94000)                     = 0x556521f94000
openat(AT_FDCWD, "output.txt", O_RDONLY) = 3
fstat(1, {st_mode=S_IFCHR|0620, st_rdev=makedev(0x88, 0), ...}) = 0
write(1, "---- Partial Output ----\n", 25) = 25
fstat(3, {st_mode=S_IFREG|0644, st_size=14498, ...}) = 0
read(3, "root           1  0.0  0.0  2284"..., 4096) = 4096
write(1, "root           1  0.0  0.0  2284"..., 85) = 85
write(1, "root           2  0.0  0.0      "..., 78) = 78
write(1, "root           3  0.0  0.0      "..., 92) = 92
write(1, "root           4  0.0  0.0      "..., 86) = 86
write(1, "root           5  0.0  0.0      "..., 87) = 87
lseek(3, 0, SEEK_CUR)                   = 4096
lseek(3, 526, SEEK_SET)                 = 526
close(3)                                = 0
exit_group(0)                           = ?
+++ exited with 0 +++
